<?xml version="1.0" encoding="UTF-8"?>
<testng-results ignored="0" total="2" passed="2" failed="0" skipped="0">
  <reporter-output>
  </reporter-output>
  <suite started-at="2025-07-07T01:40:40 IST" name="Suite" finished-at="2025-07-07T01:40:59 IST" duration-ms="19376">
    <groups>
      <group name="Master">
        <method signature="TC001_AccountRegistrationTest.verify_account_registration()[pri:0, instance:testCases.TC001_AccountRegistrationTest@2b4c1d96]" name="verify_account_registration" class="testCases.TC001_AccountRegistrationTest"/>
        <method signature="TC002_LoginTest.verify_login()[pri:0, instance:testCases.TC002_LoginTest@76884e4b]" name="verify_login" class="testCases.TC002_LoginTest"/>
      </group> <!-- Master -->
      <group name="Sanity">
        <method signature="TC002_LoginTest.verify_login()[pri:0, instance:testCases.TC002_LoginTest@76884e4b]" name="verify_login" class="testCases.TC002_LoginTest"/>
      </group> <!-- Sanity -->
      <group name="Regression">
        <method signature="TC001_AccountRegistrationTest.verify_account_registration()[pri:0, instance:testCases.TC001_AccountRegistrationTest@2b4c1d96]" name="verify_account_registration" class="testCases.TC001_AccountRegistrationTest"/>
      </group> <!-- Regression -->
    </groups>
    <test started-at="2025-07-07T01:40:40 IST" name="Test" finished-at="2025-07-07T01:40:59 IST" duration-ms="19376">
      <class name="testCases.TC002_LoginTest">
        <test-method is-config="true" signature="setup(java.lang.String,java.lang.String)[pri:0, instance:testCases.TC002_LoginTest@76884e4b]" started-at="2025-07-07T01:40:52 IST" name="setup" finished-at="2025-07-07T01:40:54 IST" duration-ms="2359" status="PASS">
          <params>
            <param index="0">
              <value>
                <![CDATA[windows]]>
              </value>
            </param>
            <param index="1">
              <value>
                <![CDATA[chrome]]>
              </value>
            </param>
          </params>
          <reporter-output>
          </reporter-output>
        </test-method> <!-- setup -->
        <test-method signature="verify_login()[pri:0, instance:testCases.TC002_LoginTest@76884e4b]" started-at="2025-07-07T01:40:54 IST" name="verify_login" finished-at="2025-07-07T01:40:58 IST" duration-ms="3297" status="PASS">
          <reporter-output>
          </reporter-output>
        </test-method> <!-- verify_login -->
        <test-method is-config="true" signature="tearDown()[pri:0, instance:testCases.TC002_LoginTest@76884e4b]" started-at="2025-07-07T01:40:58 IST" name="tearDown" finished-at="2025-07-07T01:40:59 IST" duration-ms="1272" status="PASS">
          <reporter-output>
          </reporter-output>
        </test-method> <!-- tearDown -->
      </class> <!-- testCases.TC002_LoginTest -->
      <class name="testCases.TC001_AccountRegistrationTest">
        <test-method is-config="true" signature="setup(java.lang.String,java.lang.String)[pri:0, instance:testCases.TC001_AccountRegistrationTest@2b4c1d96]" started-at="2025-07-07T01:40:40 IST" name="setup" finished-at="2025-07-07T01:40:45 IST" duration-ms="4975" status="PASS">
          <params>
            <param index="0">
              <value>
                <![CDATA[windows]]>
              </value>
            </param>
            <param index="1">
              <value>
                <![CDATA[chrome]]>
              </value>
            </param>
          </params>
          <reporter-output>
          </reporter-output>
        </test-method> <!-- setup -->
        <test-method signature="verify_account_registration()[pri:0, instance:testCases.TC001_AccountRegistrationTest@2b4c1d96]" started-at="2025-07-07T01:40:45 IST" name="verify_account_registration" finished-at="2025-07-07T01:40:50 IST" duration-ms="4941" status="PASS">
          <reporter-output>
          </reporter-output>
        </test-method> <!-- verify_account_registration -->
        <test-method is-config="true" signature="tearDown()[pri:0, instance:testCases.TC001_AccountRegistrationTest@2b4c1d96]" started-at="2025-07-07T01:40:50 IST" name="tearDown" finished-at="2025-07-07T01:40:52 IST" duration-ms="1686" status="PASS">
          <reporter-output>
          </reporter-output>
        </test-method> <!-- tearDown -->
      </class> <!-- testCases.TC001_AccountRegistrationTest -->
    </test> <!-- Test -->
  </suite> <!-- Suite -->
</testng-results>
